                      :-) GROMACS - gmx mdrun, 2021.2 (-:

                            GROMACS is written by:
     Andrey Alekseenko              Emile Apol              Rossen Apostolov     
         Paul Bauer           Herman J.C. Berendsen           Par Bjelkmar       
       Christian Blau           Viacheslav Bolnykh             Kevin Boyd        
     Aldert van Buuren           Rudi van Drunen             Anton Feenstra      
    Gilles Gouaillardet             Alan Gray               Gerrit Groenhof      
       Anca Hamuraru            Vincent Hindriksen          M. Eric Irrgang      
      Aleksei Iupinov           Christoph Junghans             Joe Jordan        
    Dimitrios Karkoulis            Peter Kasson                Jiri Kraus        
      Carsten Kutzner              Per Larsson              Justin A. Lemkul     
       Viveca Lindahl            Magnus Lundborg             Erik Marklund       
        Pascal Merz             Pieter Meulenhoff            Teemu Murtola       
        Szilard Pall               Sander Pronk              Roland Schulz       
       Michael Shirts            Alexey Shvetsov             Alfons Sijbers      
       Peter Tieleman              Jon Vincent              Teemu Virolainen     
     Christian Wennberg            Maarten Wolf              Artem Zhmurov       
                           and the project leaders:
        Mark Abraham, Berk Hess, Erik Lindahl, and David van der Spoel

Copyright (c) 1991-2000, University of Groningen, The Netherlands.
Copyright (c) 2001-2019, The GROMACS development team at
Uppsala University, Stockholm University and
the Royal Institute of Technology, Sweden.
check out http://www.gromacs.org for more information.

GROMACS is free software; you can redistribute it and/or modify it
under the terms of the GNU Lesser General Public License
as published by the Free Software Foundation; either version 2.1
of the License, or (at your option) any later version.

GROMACS:      gmx mdrun, version 2021.2
Executable:   /usr/local/gromacs/bin/gmx
Data prefix:  /usr/local/gromacs
Working dir:  /home/chemist/complex/cleanL1_2XEI
Process ID:   16058
Command line:
  gmx mdrun -deffnm nvt -v

GROMACS version:    2021.2
Verified release checksum is d91a739522d82c53dc47c2276b9ac5fae3b2119283e84e3a1c7bed8ce741fda2
Precision:          mixed
Memory model:       64 bit
MPI library:        thread_mpi
OpenMP support:     enabled (GMX_OPENMP_MAX_THREADS = 64)
GPU support:        disabled
SIMD instructions:  AVX2_256
FFT library:        fftw-3.3.8-sse2-avx
RDTSCP usage:       enabled
TNG support:        enabled
Hwloc support:      disabled
Tracing support:    disabled
C compiler:         /usr/bin/gcc GNU 9.4.0
C compiler flags:   -mavx2 -mfma -Wno-missing-field-initializers -fexcess-precision=fast -funroll-all-loops -O3 -DNDEBUG
C++ compiler:       /usr/bin/c++ GNU 9.4.0
C++ compiler flags: -mavx2 -mfma -Wno-missing-field-initializers -fexcess-precision=fast -funroll-all-loops -fopenmp -O3 -DNDEBUG


Running on 1 node with total 2 cores, 4 logical cores
Hardware detected:
  CPU info:
    Vendor: Intel
    Brand:  Intel(R) Core(TM) i7-6600U CPU @ 2.60GHz
    Family: 6   Model: 78   Stepping: 3
    Features: aes apic avx avx2 clfsh cmov cx8 cx16 f16c fma htt intel lahf mmx msr nonstop_tsc pcid pclmuldq pdcm pdpe1gb popcnt pse rdrnd rdtscp sse2 sse3 sse4.1 sse4.2 ssse3 tdt x2apic
  Hardware topology: Basic
    Sockets, cores, and logical processors:
      Socket  0: [   0   2] [   1   3]


++++ PLEASE READ AND CITE THE FOLLOWING REFERENCE ++++
M. J. Abraham, T. Murtola, R. Schulz, S. Páll, J. C. Smith, B. Hess, E.
Lindahl
GROMACS: High performance molecular simulations through multi-level
parallelism from laptops to supercomputers
SoftwareX 1 (2015) pp. 19-25
-------- -------- --- Thank You --- -------- --------


++++ PLEASE READ AND CITE THE FOLLOWING REFERENCE ++++
S. Páll, M. J. Abraham, C. Kutzner, B. Hess, E. Lindahl
Tackling Exascale Software Challenges in Molecular Dynamics Simulations with
GROMACS
In S. Markidis & E. Laure (Eds.), Solving Software Challenges for Exascale 8759 (2015) pp. 3-27
-------- -------- --- Thank You --- -------- --------


++++ PLEASE READ AND CITE THE FOLLOWING REFERENCE ++++
S. Pronk, S. Páll, R. Schulz, P. Larsson, P. Bjelkmar, R. Apostolov, M. R.
Shirts, J. C. Smith, P. M. Kasson, D. van der Spoel, B. Hess, and E. Lindahl
GROMACS 4.5: a high-throughput and highly parallel open source molecular
simulation toolkit
Bioinformatics 29 (2013) pp. 845-54
-------- -------- --- Thank You --- -------- --------


++++ PLEASE READ AND CITE THE FOLLOWING REFERENCE ++++
B. Hess and C. Kutzner and D. van der Spoel and E. Lindahl
GROMACS 4: Algorithms for highly efficient, load-balanced, and scalable
molecular simulation
J. Chem. Theory Comput. 4 (2008) pp. 435-447
-------- -------- --- Thank You --- -------- --------


++++ PLEASE READ AND CITE THE FOLLOWING REFERENCE ++++
D. van der Spoel, E. Lindahl, B. Hess, G. Groenhof, A. E. Mark and H. J. C.
Berendsen
GROMACS: Fast, Flexible and Free
J. Comp. Chem. 26 (2005) pp. 1701-1719
-------- -------- --- Thank You --- -------- --------


++++ PLEASE READ AND CITE THE FOLLOWING REFERENCE ++++
E. Lindahl and B. Hess and D. van der Spoel
GROMACS 3.0: A package for molecular simulation and trajectory analysis
J. Mol. Mod. 7 (2001) pp. 306-317
-------- -------- --- Thank You --- -------- --------


++++ PLEASE READ AND CITE THE FOLLOWING REFERENCE ++++
H. J. C. Berendsen, D. van der Spoel and R. van Drunen
GROMACS: A message-passing parallel molecular dynamics implementation
Comp. Phys. Comm. 91 (1995) pp. 43-56
-------- -------- --- Thank You --- -------- --------


++++ PLEASE CITE THE DOI FOR THIS VERSION OF GROMACS ++++
https://doi.org/10.5281/zenodo.4723562
-------- -------- --- Thank You --- -------- --------

Input Parameters:
   integrator                     = md
   tinit                          = 0
   dt                             = 0.002
   nsteps                         = 50000
   init-step                      = 0
   simulation-part                = 1
   mts                            = false
   comm-mode                      = Linear
   nstcomm                        = 100
   bd-fric                        = 0
   ld-seed                        = -1088427331
   emtol                          = 10
   emstep                         = 0.01
   niter                          = 20
   fcstep                         = 0
   nstcgsteep                     = 1000
   nbfgscorr                      = 10
   rtpi                           = 0.05
   nstxout                        = 0
   nstvout                        = 0
   nstfout                        = 0
   nstlog                         = 500
   nstcalcenergy                  = 100
   nstenergy                      = 500
   nstxout-compressed             = 500
   compressed-x-precision         = 1000
   cutoff-scheme                  = Verlet
   nstlist                        = 20
   pbc                            = xyz
   periodic-molecules             = false
   verlet-buffer-tolerance        = 0.005
   rlist                          = 1.219
   coulombtype                    = PME
   coulomb-modifier               = Potential-shift
   rcoulomb-switch                = 0
   rcoulomb                       = 1.2
   epsilon-r                      = 1
   epsilon-rf                     = inf
   vdw-type                       = Cut-off
   vdw-modifier                   = Force-switch
   rvdw-switch                    = 1
   rvdw                           = 1.2
   DispCorr                       = No
   table-extension                = 1
   fourierspacing                 = 0.16
   fourier-nx                     = 52
   fourier-ny                     = 60
   fourier-nz                     = 64
   pme-order                      = 4
   ewald-rtol                     = 1e-05
   ewald-rtol-lj                  = 0.001
   lj-pme-comb-rule               = Geometric
   ewald-geometry                 = 0
   epsilon-surface                = 0
   tcoupl                         = V-rescale
   nsttcouple                     = 10
   nh-chain-length                = 0
   print-nose-hoover-chain-variables = false
   pcoupl                         = No
   pcoupltype                     = Isotropic
   nstpcouple                     = -1
   tau-p                          = 1
   compressibility (3x3):
      compressibility[    0]={ 0.00000e+00,  0.00000e+00,  0.00000e+00}
      compressibility[    1]={ 0.00000e+00,  0.00000e+00,  0.00000e+00}
      compressibility[    2]={ 0.00000e+00,  0.00000e+00,  0.00000e+00}
   ref-p (3x3):
      ref-p[    0]={ 0.00000e+00,  0.00000e+00,  0.00000e+00}
      ref-p[    1]={ 0.00000e+00,  0.00000e+00,  0.00000e+00}
      ref-p[    2]={ 0.00000e+00,  0.00000e+00,  0.00000e+00}
   refcoord-scaling               = No
   posres-com (3):
      posres-com[0]= 0.00000e+00
      posres-com[1]= 0.00000e+00
      posres-com[2]= 0.00000e+00
   posres-comB (3):
      posres-comB[0]= 0.00000e+00
      posres-comB[1]= 0.00000e+00
      posres-comB[2]= 0.00000e+00
   QMMM                           = false
qm-opts:
   ngQM                           = 0
   constraint-algorithm           = Lincs
   continuation                   = false
   Shake-SOR                      = false
   shake-tol                      = 0.0001
   lincs-order                    = 4
   lincs-iter                     = 1
   lincs-warnangle                = 30
   nwall                          = 0
   wall-type                      = 9-3
   wall-r-linpot                  = -1
   wall-atomtype[0]               = -1
   wall-atomtype[1]               = -1
   wall-density[0]                = 0
   wall-density[1]                = 0
   wall-ewald-zfac                = 3
   pull                           = false
   awh                            = false
   rotation                       = false
   interactiveMD                  = false
   disre                          = No
   disre-weighting                = Conservative
   disre-mixed                    = false
   dr-fc                          = 1000
   dr-tau                         = 0
   nstdisreout                    = 100
   orire-fc                       = 0
   orire-tau                      = 0
   nstorireout                    = 100
   free-energy                    = no
   cos-acceleration               = 0
   deform (3x3):
      deform[    0]={ 0.00000e+00,  0.00000e+00,  0.00000e+00}
      deform[    1]={ 0.00000e+00,  0.00000e+00,  0.00000e+00}
      deform[    2]={ 0.00000e+00,  0.00000e+00,  0.00000e+00}
   simulated-tempering            = false
   swapcoords                     = no
   userint1                       = 0
   userint2                       = 0
   userint3                       = 0
   userint4                       = 0
   userreal1                      = 0
   userreal2                      = 0
   userreal3                      = 0
   userreal4                      = 0
   applied-forces:
     electric-field:
       x:
         E0                       = 0
         omega                    = 0
         t0                       = 0
         sigma                    = 0
       y:
         E0                       = 0
         omega                    = 0
         t0                       = 0
         sigma                    = 0
       z:
         E0                       = 0
         omega                    = 0
         t0                       = 0
         sigma                    = 0
     density-guided-simulation:
       active                     = false
       group                      = protein
       similarity-measure         = inner-product
       atom-spreading-weight      = unity
       force-constant             = 1e+09
       gaussian-transform-spreading-width = 0.2
       gaussian-transform-spreading-range-in-multiples-of-width = 4
       reference-density-filename = reference.mrc
       nst                        = 1
       normalize-densities        = true
       adaptive-force-scaling     = false
       adaptive-force-scaling-time-constant = 4
       shift-vector               = 
       transformation-matrix      = 
grpopts:
   nrdf:     25964.5      125785
   ref-t:         300         300
   tau-t:         0.1         0.1
annealing:          No          No
annealing-npoints:           0           0
   acc:	           0           0           0
   nfreeze:           N           N           N
   energygrp-flags[  0]: 0

Changing nstlist from 20 to 80, rlist from 1.219 to 1.313

Using 1 MPI thread
Using 4 OpenMP threads 

Pinning threads with an auto-selected logical core stride of 1
System total charge: 0.000
Will do PME sum in reciprocal space for electrostatic interactions.

++++ PLEASE READ AND CITE THE FOLLOWING REFERENCE ++++
U. Essmann, L. Perera, M. L. Berkowitz, T. Darden, H. Lee and L. G. Pedersen 
A smooth particle mesh Ewald method
J. Chem. Phys. 103 (1995) pp. 8577-8592
-------- -------- --- Thank You --- -------- --------

Using a Gaussian width (1/beta) of 0.384195 nm for Ewald
Potential shift: LJ r^-12: -2.648e-01 r^-6: -5.349e-01, Ewald -8.333e-06
Initialized non-bonded Ewald tables, spacing: 1.02e-03 size: 1176

Generated table with 1156 data points for 1-4 COUL.
Tabscale = 500 points/nm
Generated table with 1156 data points for 1-4 LJ6.
Tabscale = 500 points/nm
Generated table with 1156 data points for 1-4 LJ12.
Tabscale = 500 points/nm


Using SIMD 4x8 nonbonded short-range kernels

Using a dual 4x8 pair-list setup updated with dynamic pruning:
  outer list: updated every 80 steps, buffer 0.113 nm, rlist 1.313 nm
  inner list: updated every 14 steps, buffer 0.002 nm, rlist 1.202 nm
At tolerance 0.005 kJ/mol/ps per atom, equivalent classical 1x1 list would be:
  outer list: updated every 80 steps, buffer 0.258 nm, rlist 1.458 nm
  inner list: updated every 14 steps, buffer 0.055 nm, rlist 1.255 nm
Removing pbc first time

Initializing LINear Constraint Solver

++++ PLEASE READ AND CITE THE FOLLOWING REFERENCE ++++
B. Hess and H. Bekker and H. J. C. Berendsen and J. G. E. M. Fraaije
LINCS: A Linear Constraint Solver for molecular simulations
J. Comp. Chem. 18 (1997) pp. 1463-1472
-------- -------- --- Thank You --- -------- --------

The number of constraints is 5097

++++ PLEASE READ AND CITE THE FOLLOWING REFERENCE ++++
S. Miyamoto and P. A. Kollman
SETTLE: An Analytical Version of the SHAKE and RATTLE Algorithms for Rigid
Water Models
J. Comp. Chem. 13 (1992) pp. 952-962
-------- -------- --- Thank You --- -------- --------


++++ PLEASE READ AND CITE THE FOLLOWING REFERENCE ++++
G. Bussi, D. Donadio and M. Parrinello
Canonical sampling through velocity rescaling
J. Chem. Phys. 126 (2007) pp. 014101
-------- -------- --- Thank You --- -------- --------

There are: 73244 Atoms

Constraining the starting coordinates (step 0)

Constraining the coordinates at t0-dt (step 0)
Center of mass motion removal mode is Linear
We have the following groups for center of mass motion removal:
  0:  rest
RMS relative constraint deviation after constraining: 3.13e-06
Initial temperature: 300.505 K

Started mdrun on rank 0 Fri Jan 12 12:51:29 2024

           Step           Time
              0        0.00000

   Energies (kJ/mol)
           Bond            U-B    Proper Dih.  Improper Dih.      CMAP Dih.
    8.14637e+03    1.10754e+04    2.61714e+04    5.02767e+02   -7.40155e+02
          LJ-14     Coulomb-14        LJ (SR)   Coulomb (SR)   Coul. recip.
    8.75088e+03    1.19329e+05    8.14001e+04   -1.30271e+06    5.11916e+03
 Position Rest.      Potential    Kinetic En.   Total Energy  Conserved En.
    5.50074e-03   -1.04295e+06    1.89613e+05   -8.53339e+05   -8.53339e+05
    Temperature Pressure (bar)   Constr. rmsd
    3.00565e+02   -3.74916e+03    3.09586e-06

           Step           Time
            500        1.00000

   Energies (kJ/mol)
           Bond            U-B    Proper Dih.  Improper Dih.      CMAP Dih.
    1.35637e+04    2.48747e+04    2.87782e+04    1.54641e+03   -4.94907e+02
          LJ-14     Coulomb-14        LJ (SR)   Coulomb (SR)   Coul. recip.
    9.54551e+03    1.19779e+05    7.67253e+04   -1.16280e+06    4.47956e+03
 Position Rest.      Potential    Kinetic En.   Total Energy  Conserved En.
    3.72867e+03   -8.80278e+05    1.88224e+05   -6.92054e+05   -8.51060e+05
    Temperature Pressure (bar)   Constr. rmsd
    2.98363e+02   -5.34693e+02    3.12488e-06

           Step           Time
           1000        2.00000

   Energies (kJ/mol)
           Bond            U-B    Proper Dih.  Improper Dih.      CMAP Dih.
    1.37766e+04    2.53420e+04    2.86793e+04    1.60973e+03   -5.79842e+02
          LJ-14     Coulomb-14        LJ (SR)   Coulomb (SR)   Coul. recip.
    9.47699e+03    1.19481e+05    7.49252e+04   -1.15746e+06    4.43328e+03
 Position Rest.      Potential    Kinetic En.   Total Energy  Conserved En.
    3.51724e+03   -8.76803e+05    1.88489e+05   -6.88314e+05   -8.51004e+05
    Temperature Pressure (bar)   Constr. rmsd
    2.98782e+02   -4.28627e+02    2.78370e-06

           Step           Time
           1500        3.00000

   Energies (kJ/mol)
           Bond            U-B    Proper Dih.  Improper Dih.      CMAP Dih.
    1.37026e+04    2.54946e+04    2.85446e+04    1.55210e+03   -5.99878e+02
          LJ-14     Coulomb-14        LJ (SR)   Coulomb (SR)   Coul. recip.
    9.53096e+03    1.19597e+05    7.32345e+04   -1.15703e+06    4.24884e+03
 Position Rest.      Potential    Kinetic En.   Total Energy  Conserved En.
    3.50997e+03   -8.78210e+05    1.90393e+05   -6.87817e+05   -8.51026e+05
    Temperature Pressure (bar)   Constr. rmsd
    3.01802e+02   -6.99598e+02    2.96152e-06

           Step           Time
           2000        4.00000

   Energies (kJ/mol)
           Bond            U-B    Proper Dih.  Improper Dih.      CMAP Dih.
    1.37378e+04    2.53459e+04    2.84186e+04    1.49883e+03   -5.12322e+02
          LJ-14     Coulomb-14        LJ (SR)   Coulomb (SR)   Coul. recip.
    9.48838e+03    1.19807e+05    7.35110e+04   -1.15707e+06    4.31132e+03
 Position Rest.      Potential    Kinetic En.   Total Energy  Conserved En.
    3.40769e+03   -8.78057e+05    1.89425e+05   -6.88631e+05   -8.51007e+05
    Temperature Pressure (bar)   Constr. rmsd
    3.00267e+02   -6.04443e+02    2.94988e-06

           Step           Time
           2500        5.00000

   Energies (kJ/mol)
           Bond            U-B    Proper Dih.  Improper Dih.      CMAP Dih.
    1.38800e+04    2.49570e+04    2.83216e+04    1.55683e+03   -6.21977e+02
          LJ-14     Coulomb-14        LJ (SR)   Coulomb (SR)   Coul. recip.
    9.52567e+03    1.19791e+05    7.19827e+04   -1.15758e+06    4.26906e+03
 Position Rest.      Potential    Kinetic En.   Total Energy  Conserved En.
    3.43482e+03   -8.80482e+05    1.89520e+05   -6.90962e+05   -8.50992e+05
    Temperature Pressure (bar)   Constr. rmsd
    3.00417e+02   -1.20397e+03    2.81626e-06

           Step           Time
           3000        6.00000

   Energies (kJ/mol)
           Bond            U-B    Proper Dih.  Improper Dih.      CMAP Dih.
    1.42451e+04    2.54547e+04    2.84435e+04    1.63095e+03   -6.44415e+02
          LJ-14     Coulomb-14        LJ (SR)   Coulomb (SR)   Coul. recip.
    9.45619e+03    1.19531e+05    7.19534e+04   -1.15562e+06    4.25499e+03
 Position Rest.      Potential    Kinetic En.   Total Energy  Conserved En.
    3.27788e+03   -8.78014e+05    1.89677e+05   -6.88337e+05   -8.50952e+05
    Temperature Pressure (bar)   Constr. rmsd
    3.00666e+02   -5.73731e+02    2.91573e-06

           Step           Time
           3500        7.00000

   Energies (kJ/mol)
           Bond            U-B    Proper Dih.  Improper Dih.      CMAP Dih.
    1.37681e+04    2.53365e+04    2.84330e+04    1.59575e+03   -6.19126e+02
          LJ-14     Coulomb-14        LJ (SR)   Coulomb (SR)   Coul. recip.
    9.59141e+03    1.19613e+05    7.27235e+04   -1.15663e+06    4.22009e+03
 Position Rest.      Potential    Kinetic En.   Total Energy  Conserved En.
    3.24949e+03   -8.78722e+05    1.89322e+05   -6.89400e+05   -8.50977e+05
    Temperature Pressure (bar)   Constr. rmsd
    3.00103e+02   -3.42779e+02    2.90664e-06

           Step           Time
           4000        8.00000

   Energies (kJ/mol)
           Bond            U-B    Proper Dih.  Improper Dih.      CMAP Dih.
    1.37223e+04    2.53957e+04    2.83000e+04    1.58181e+03   -5.59472e+02
          LJ-14     Coulomb-14        LJ (SR)   Coulomb (SR)   Coul. recip.
    9.60454e+03    1.19692e+05    7.35215e+04   -1.15864e+06    4.31023e+03
 Position Rest.      Potential    Kinetic En.   Total Energy  Conserved En.
    3.48930e+03   -8.79581e+05    1.89604e+05   -6.89977e+05   -8.50945e+05
    Temperature Pressure (bar)   Constr. rmsd
    3.00550e+02   -4.58325e+02    3.06444e-06

           Step           Time
           4500        9.00000

   Energies (kJ/mol)
           Bond            U-B    Proper Dih.  Improper Dih.      CMAP Dih.
    1.40672e+04    2.50298e+04    2.84938e+04    1.45502e+03   -6.17109e+02
          LJ-14     Coulomb-14        LJ (SR)   Coulomb (SR)   Coul. recip.
    9.43505e+03    1.19597e+05    7.36610e+04   -1.15913e+06    4.30590e+03
 Position Rest.      Potential    Kinetic En.   Total Energy  Conserved En.
    3.27946e+03   -8.80420e+05    1.90159e+05   -6.90261e+05   -8.50946e+05
    Temperature Pressure (bar)   Constr. rmsd
    3.01430e+02   -7.94065e+02    2.90059e-06

           Step           Time
           5000       10.00000

   Energies (kJ/mol)
           Bond            U-B    Proper Dih.  Improper Dih.      CMAP Dih.
    1.37713e+04    2.53800e+04    2.85456e+04    1.50883e+03   -4.67404e+02
          LJ-14     Coulomb-14        LJ (SR)   Coulomb (SR)   Coul. recip.
    9.35829e+03    1.19459e+05    7.31690e+04   -1.15781e+06    4.19755e+03
 Position Rest.      Potential    Kinetic En.   Total Energy  Conserved En.
    3.31314e+03   -8.79571e+05    1.88586e+05   -6.90984e+05   -8.50943e+05
    Temperature Pressure (bar)   Constr. rmsd
    2.98938e+02   -6.54492e+02    3.18440e-06

           Step           Time
           5500       11.00000

   Energies (kJ/mol)
           Bond            U-B    Proper Dih.  Improper Dih.      CMAP Dih.
    1.40498e+04    2.54529e+04    2.84014e+04    1.47154e+03   -6.15024e+02
          LJ-14     Coulomb-14        LJ (SR)   Coulomb (SR)   Coul. recip.
    9.48329e+03    1.20026e+05    7.23315e+04   -1.15814e+06    4.34162e+03
 Position Rest.      Potential    Kinetic En.   Total Energy  Conserved En.
    3.24289e+03   -8.79956e+05    1.89205e+05   -6.90752e+05   -8.50889e+05
    Temperature Pressure (bar)   Constr. rmsd
    2.99918e+02   -8.35256e+02    3.04752e-06

           Step           Time
           6000       12.00000

   Energies (kJ/mol)
           Bond            U-B    Proper Dih.  Improper Dih.      CMAP Dih.
    1.35753e+04    2.50964e+04    2.82160e+04    1.57177e+03   -6.11005e+02
          LJ-14     Coulomb-14        LJ (SR)   Coulomb (SR)   Coul. recip.
    9.55074e+03    1.20076e+05    7.28514e+04   -1.16053e+06    4.12885e+03
 Position Rest.      Potential    Kinetic En.   Total Energy  Conserved En.
    3.18450e+03   -8.82893e+05    1.89329e+05   -6.93565e+05   -8.50924e+05
    Temperature Pressure (bar)   Constr. rmsd
    3.00114e+02   -7.86538e+02    2.98373e-06

           Step           Time
           6500       13.00000

   Energies (kJ/mol)
           Bond            U-B    Proper Dih.  Improper Dih.      CMAP Dih.
    1.39910e+04    2.53722e+04    2.83514e+04    1.48318e+03   -5.19982e+02
          LJ-14     Coulomb-14        LJ (SR)   Coulomb (SR)   Coul. recip.
    9.44745e+03    1.19710e+05    7.40179e+04   -1.15947e+06    4.29722e+03
 Position Rest.      Potential    Kinetic En.   Total Energy  Conserved En.
    3.25108e+03   -8.80073e+05    1.89709e+05   -6.90364e+05   -8.50901e+05
    Temperature Pressure (bar)   Constr. rmsd
    3.00717e+02   -4.46123e+02    3.02581e-06

           Step           Time
           7000       14.00000

   Energies (kJ/mol)
           Bond            U-B    Proper Dih.  Improper Dih.      CMAP Dih.
    1.38761e+04    2.51631e+04    2.81765e+04    1.41430e+03   -4.89781e+02
          LJ-14     Coulomb-14        LJ (SR)   Coulomb (SR)   Coul. recip.
    9.50443e+03    1.19879e+05    7.33056e+04   -1.15970e+06    4.07606e+03
 Position Rest.      Potential    Kinetic En.   Total Energy  Conserved En.
    3.19530e+03   -8.81603e+05    1.88959e+05   -6.92644e+05   -8.50905e+05
    Temperature Pressure (bar)   Constr. rmsd
    2.99528e+02   -6.82384e+02    3.05427e-06

           Step           Time
           7500       15.00000

   Energies (kJ/mol)
           Bond            U-B    Proper Dih.  Improper Dih.      CMAP Dih.
    1.38933e+04    2.53879e+04    2.82856e+04    1.47255e+03   -5.76767e+02
          LJ-14     Coulomb-14        LJ (SR)   Coulomb (SR)   Coul. recip.
    9.47427e+03    1.19547e+05    7.21170e+04   -1.15870e+06    4.26313e+03
 Position Rest.      Potential    Kinetic En.   Total Energy  Conserved En.
    3.10045e+03   -8.81735e+05    1.88834e+05   -6.92901e+05   -8.50915e+05
    Temperature Pressure (bar)   Constr. rmsd
    2.99329e+02   -1.01544e+03    2.99401e-06

           Step           Time
           8000       16.00000

   Energies (kJ/mol)
           Bond            U-B    Proper Dih.  Improper Dih.      CMAP Dih.
    1.38140e+04    2.50341e+04    2.84245e+04    1.49784e+03   -6.24145e+02
          LJ-14     Coulomb-14        LJ (SR)   Coulomb (SR)   Coul. recip.
    9.53261e+03    1.20071e+05    7.22686e+04   -1.15776e+06    4.32308e+03
 Position Rest.      Potential    Kinetic En.   Total Energy  Conserved En.
    3.22664e+03   -8.80192e+05    1.88507e+05   -6.91686e+05   -8.50892e+05
    Temperature Pressure (bar)   Constr. rmsd
    2.98811e+02   -7.69694e+02    3.05165e-06

           Step           Time
           8500       17.00000

   Energies (kJ/mol)
           Bond            U-B    Proper Dih.  Improper Dih.      CMAP Dih.
    1.40405e+04    2.53512e+04    2.83972e+04    1.60922e+03   -5.52794e+02
          LJ-14     Coulomb-14        LJ (SR)   Coulomb (SR)   Coul. recip.
    9.55889e+03    1.19565e+05    7.37899e+04   -1.15931e+06    4.17730e+03
 Position Rest.      Potential    Kinetic En.   Total Energy  Conserved En.
    3.29675e+03   -8.80073e+05    1.90298e+05   -6.89775e+05   -8.50871e+05
    Temperature Pressure (bar)   Constr. rmsd
    3.01650e+02   -7.07763e+02    3.01871e-06

           Step           Time
           9000       18.00000

   Energies (kJ/mol)
           Bond            U-B    Proper Dih.  Improper Dih.      CMAP Dih.
    1.36138e+04    2.52799e+04    2.84096e+04    1.53373e+03   -5.14700e+02
          LJ-14     Coulomb-14        LJ (SR)   Coulomb (SR)   Coul. recip.
    9.48609e+03    1.19622e+05    7.34140e+04   -1.16114e+06    4.15523e+03
 Position Rest.      Potential    Kinetic En.   Total Energy  Conserved En.
    3.34577e+03   -8.82795e+05    1.87356e+05   -6.95439e+05   -8.50856e+05
    Temperature Pressure (bar)   Constr. rmsd
    2.96987e+02   -8.69773e+02    3.06480e-06

           Step           Time
           9500       19.00000

   Energies (kJ/mol)
           Bond            U-B    Proper Dih.  Improper Dih.      CMAP Dih.
    1.40383e+04    2.55900e+04    2.83302e+04    1.50030e+03   -6.11396e+02
          LJ-14     Coulomb-14        LJ (SR)   Coulomb (SR)   Coul. recip.
    9.47525e+03    1.19558e+05    7.16759e+04   -1.15590e+06    4.28411e+03
 Position Rest.      Potential    Kinetic En.   Total Energy  Conserved En.
    3.36846e+03   -8.78689e+05    1.89923e+05   -6.88766e+05   -8.50908e+05
    Temperature Pressure (bar)   Constr. rmsd
    3.01056e+02   -7.60601e+02    3.00331e-06

           Step           Time
          10000       20.00000

   Energies (kJ/mol)
           Bond            U-B    Proper Dih.  Improper Dih.      CMAP Dih.
    1.39228e+04    2.54495e+04    2.83673e+04    1.38318e+03   -5.45166e+02
          LJ-14     Coulomb-14        LJ (SR)   Coulomb (SR)   Coul. recip.
    9.48408e+03    1.19947e+05    7.22753e+04   -1.15811e+06    4.27740e+03
 Position Rest.      Potential    Kinetic En.   Total Energy  Conserved En.
    3.27474e+03   -8.80270e+05    1.88602e+05   -6.91669e+05   -8.50841e+05
    Temperature Pressure (bar)   Constr. rmsd
    2.98962e+02   -7.01765e+02    2.93977e-06

           Step           Time
          10500       21.00000

   Energies (kJ/mol)
           Bond            U-B    Proper Dih.  Improper Dih.      CMAP Dih.
    1.41279e+04    2.53512e+04    2.84161e+04    1.47011e+03   -5.38639e+02
          LJ-14     Coulomb-14        LJ (SR)   Coulomb (SR)   Coul. recip.
    9.50458e+03    1.20002e+05    7.13809e+04   -1.15750e+06    4.12859e+03
 Position Rest.      Potential    Kinetic En.   Total Energy  Conserved En.
    3.10587e+03   -8.80555e+05    1.88799e+05   -6.91756e+05   -8.50835e+05
    Temperature Pressure (bar)   Constr. rmsd
    2.99275e+02   -7.07122e+02    2.95156e-06

           Step           Time
          11000       22.00000

   Energies (kJ/mol)
           Bond            U-B    Proper Dih.  Improper Dih.      CMAP Dih.
    1.37182e+04    2.54710e+04    2.85729e+04    1.51919e+03   -5.35998e+02
          LJ-14     Coulomb-14        LJ (SR)   Coulomb (SR)   Coul. recip.
    9.42666e+03    1.19747e+05    7.28060e+04   -1.15814e+06    4.25199e+03
 Position Rest.      Potential    Kinetic En.   Total Energy  Conserved En.
    3.21714e+03   -8.79945e+05    1.88810e+05   -6.91134e+05   -8.50839e+05
    Temperature Pressure (bar)   Constr. rmsd
    2.99292e+02   -2.68756e+02    2.91546e-06

           Step           Time
          11500       23.00000

   Energies (kJ/mol)
           Bond            U-B    Proper Dih.  Improper Dih.      CMAP Dih.
    1.37747e+04    2.54220e+04    2.85136e+04    1.53922e+03   -5.58956e+02
          LJ-14     Coulomb-14        LJ (SR)   Coulomb (SR)   Coul. recip.
    9.37859e+03    1.19800e+05    7.20228e+04   -1.15975e+06    4.13089e+03
 Position Rest.      Potential    Kinetic En.   Total Energy  Conserved En.
    3.38879e+03   -8.82339e+05    1.88107e+05   -6.94232e+05   -8.50802e+05
    Temperature Pressure (bar)   Constr. rmsd
    2.98178e+02   -9.53675e+02    2.99188e-06

           Step           Time
          12000       24.00000

   Energies (kJ/mol)
           Bond            U-B    Proper Dih.  Improper Dih.      CMAP Dih.
    1.38252e+04    2.48266e+04    2.83265e+04    1.44642e+03   -5.57923e+02
          LJ-14     Coulomb-14        LJ (SR)   Coulomb (SR)   Coul. recip.
    9.48265e+03    1.19585e+05    7.30810e+04   -1.16078e+06    4.16877e+03
 Position Rest.      Potential    Kinetic En.   Total Energy  Conserved En.
    3.34948e+03   -8.83247e+05    1.88576e+05   -6.94671e+05   -8.50866e+05
    Temperature Pressure (bar)   Constr. rmsd
    2.98921e+02   -7.61217e+02    3.06988e-06

           Step           Time
          12500       25.00000

   Energies (kJ/mol)
           Bond            U-B    Proper Dih.  Improper Dih.      CMAP Dih.
    1.37370e+04    2.51600e+04    2.83532e+04    1.49850e+03   -5.27148e+02
          LJ-14     Coulomb-14        LJ (SR)   Coulomb (SR)   Coul. recip.
    9.53355e+03    1.20087e+05    7.43684e+04   -1.15927e+06    4.14614e+03
 Position Rest.      Potential    Kinetic En.   Total Energy  Conserved En.
    3.25460e+03   -8.79662e+05    1.90729e+05   -6.88933e+05   -8.50877e+05
    Temperature Pressure (bar)   Constr. rmsd
    3.02334e+02   -3.84444e+02    3.22598e-06

           Step           Time
          13000       26.00000

   Energies (kJ/mol)
           Bond            U-B    Proper Dih.  Improper Dih.      CMAP Dih.
    1.39772e+04    2.56755e+04    2.84442e+04    1.51962e+03   -6.09477e+02
          LJ-14     Coulomb-14        LJ (SR)   Coulomb (SR)   Coul. recip.
    9.44701e+03    1.19902e+05    7.20876e+04   -1.15713e+06    4.24245e+03
 Position Rest.      Potential    Kinetic En.   Total Energy  Conserved En.
    3.29991e+03   -8.79141e+05    1.89978e+05   -6.89162e+05   -8.50807e+05
    Temperature Pressure (bar)   Constr. rmsd
    3.01144e+02   -6.46414e+02    2.88911e-06

           Step           Time
          13500       27.00000

   Energies (kJ/mol)
           Bond            U-B    Proper Dih.  Improper Dih.      CMAP Dih.
    1.37236e+04    2.49106e+04    2.84025e+04    1.47079e+03   -4.13460e+02
          LJ-14     Coulomb-14        LJ (SR)   Coulomb (SR)   Coul. recip.
    9.45926e+03    1.19425e+05    7.30450e+04   -1.16030e+06    4.20159e+03
 Position Rest.      Potential    Kinetic En.   Total Energy  Conserved En.
    3.27180e+03   -8.82802e+05    1.88351e+05   -6.94451e+05   -8.50816e+05
    Temperature Pressure (bar)   Constr. rmsd
    2.98565e+02   -3.14342e+02    3.04377e-06

Writing checkpoint, step 13920 at Fri Jan 12 13:06:32 2024


           Step           Time
          14000       28.00000

   Energies (kJ/mol)
           Bond            U-B    Proper Dih.  Improper Dih.      CMAP Dih.
    1.40921e+04    2.49516e+04    2.84185e+04    1.47740e+03   -5.07470e+02
          LJ-14     Coulomb-14        LJ (SR)   Coulomb (SR)   Coul. recip.
    9.45177e+03    1.19969e+05    7.29146e+04   -1.16040e+06    4.09040e+03
 Position Rest.      Potential    Kinetic En.   Total Energy  Conserved En.
    3.19110e+03   -8.82354e+05    1.89575e+05   -6.92779e+05   -8.50796e+05
    Temperature Pressure (bar)   Constr. rmsd
    3.00504e+02   -5.67917e+02    3.02802e-06

           Step           Time
          14500       29.00000

   Energies (kJ/mol)
           Bond            U-B    Proper Dih.  Improper Dih.      CMAP Dih.
    1.41199e+04    2.56815e+04    2.84266e+04    1.53454e+03   -4.98150e+02
          LJ-14     Coulomb-14        LJ (SR)   Coulomb (SR)   Coul. recip.
    9.38579e+03    1.19844e+05    7.44956e+04   -1.16127e+06    4.17203e+03
 Position Rest.      Potential    Kinetic En.   Total Energy  Conserved En.
    3.14615e+03   -8.80957e+05    1.89752e+05   -6.91205e+05   -8.50775e+05
    Temperature Pressure (bar)   Constr. rmsd
    3.00785e+02   -1.00323e+03    2.98402e-06

           Step           Time
          15000       30.00000

   Energies (kJ/mol)
           Bond            U-B    Proper Dih.  Improper Dih.      CMAP Dih.
    1.38744e+04    2.52351e+04    2.84099e+04    1.38255e+03   -5.96841e+02
          LJ-14     Coulomb-14        LJ (SR)   Coulomb (SR)   Coul. recip.
    9.56680e+03    1.19811e+05    7.24109e+04   -1.15945e+06    4.31496e+03
 Position Rest.      Potential    Kinetic En.   Total Energy  Conserved En.
    3.26282e+03   -8.81774e+05    1.88672e+05   -6.93101e+05   -8.50807e+05
    Temperature Pressure (bar)   Constr. rmsd
    2.99074e+02   -6.36522e+02    2.91793e-06

           Step           Time
          15500       31.00000

   Energies (kJ/mol)
           Bond            U-B    Proper Dih.  Improper Dih.      CMAP Dih.
    1.40784e+04    2.56113e+04    2.81459e+04    1.44415e+03   -5.12232e+02
          LJ-14     Coulomb-14        LJ (SR)   Coulomb (SR)   Coul. recip.
    9.39137e+03    1.19186e+05    7.29098e+04   -1.15825e+06    4.17241e+03
 Position Rest.      Potential    Kinetic En.   Total Energy  Conserved En.
    3.16313e+03   -8.80659e+05    1.88850e+05   -6.91809e+05   -8.50791e+05
    Temperature Pressure (bar)   Constr. rmsd
    2.99355e+02   -9.87794e+02    2.95519e-06

           Step           Time
          16000       32.00000

   Energies (kJ/mol)
           Bond            U-B    Proper Dih.  Improper Dih.      CMAP Dih.
    1.38046e+04    2.56382e+04    2.84227e+04    1.46051e+03   -6.45481e+02
          LJ-14     Coulomb-14        LJ (SR)   Coulomb (SR)   Coul. recip.
    9.46453e+03    1.20490e+05    7.30967e+04   -1.15994e+06    4.06087e+03
 Position Rest.      Potential    Kinetic En.   Total Energy  Conserved En.
    3.20489e+03   -8.80947e+05    1.89646e+05   -6.91301e+05   -8.50771e+05
    Temperature Pressure (bar)   Constr. rmsd
    3.00617e+02   -1.14110e+03    2.90615e-06

           Step           Time
          16500       33.00000

   Energies (kJ/mol)
           Bond            U-B    Proper Dih.  Improper Dih.      CMAP Dih.
    1.36469e+04    2.55649e+04    2.85513e+04    1.47359e+03   -5.24858e+02
          LJ-14     Coulomb-14        LJ (SR)   Coulomb (SR)   Coul. recip.
    9.57578e+03    1.19576e+05    7.29001e+04   -1.15913e+06    4.08489e+03
 Position Rest.      Potential    Kinetic En.   Total Energy  Conserved En.
    3.13499e+03   -8.81146e+05    1.89292e+05   -6.91854e+05   -8.50785e+05
    Temperature Pressure (bar)   Constr. rmsd
    3.00056e+02   -3.80067e+02    3.07395e-06

           Step           Time
          17000       34.00000

   Energies (kJ/mol)
           Bond            U-B    Proper Dih.  Improper Dih.      CMAP Dih.
    1.36954e+04    2.55276e+04    2.84937e+04    1.55233e+03   -6.06870e+02
          LJ-14     Coulomb-14        LJ (SR)   Coulomb (SR)   Coul. recip.
    9.47540e+03    1.19795e+05    7.09654e+04   -1.15568e+06    4.09862e+03
 Position Rest.      Potential    Kinetic En.   Total Energy  Conserved En.
    3.10822e+03   -8.79573e+05    1.88693e+05   -6.90880e+05   -8.50768e+05
    Temperature Pressure (bar)   Constr. rmsd
    2.99106e+02   -5.31061e+02    2.86283e-06

           Step           Time
          17500       35.00000

   Energies (kJ/mol)
           Bond            U-B    Proper Dih.  Improper Dih.      CMAP Dih.
    1.39449e+04    2.51394e+04    2.82967e+04    1.43460e+03   -6.07574e+02
          LJ-14     Coulomb-14        LJ (SR)   Coulomb (SR)   Coul. recip.
    9.40695e+03    1.19222e+05    7.34149e+04   -1.15831e+06    4.15427e+03
 Position Rest.      Potential    Kinetic En.   Total Energy  Conserved En.
    3.32408e+03   -8.80580e+05    1.90503e+05   -6.90078e+05   -8.50799e+05
    Temperature Pressure (bar)   Constr. rmsd
    3.01975e+02   -9.99861e+02    2.99292e-06

           Step           Time
          18000       36.00000

   Energies (kJ/mol)
           Bond            U-B    Proper Dih.  Improper Dih.      CMAP Dih.
    1.36988e+04    2.52335e+04    2.80906e+04    1.47981e+03   -5.63990e+02
          LJ-14     Coulomb-14        LJ (SR)   Coulomb (SR)   Coul. recip.
    9.47305e+03    1.20159e+05    7.37316e+04   -1.16123e+06    4.14125e+03
 Position Rest.      Potential    Kinetic En.   Total Energy  Conserved En.
    3.18912e+03   -8.82599e+05    1.88993e+05   -6.93606e+05   -8.50772e+05
    Temperature Pressure (bar)   Constr. rmsd
    2.99582e+02   -8.00397e+02    2.84687e-06

           Step           Time
          18500       37.00000

   Energies (kJ/mol)
           Bond            U-B    Proper Dih.  Improper Dih.      CMAP Dih.
    1.39441e+04    2.54599e+04    2.85016e+04    1.44923e+03   -6.36015e+02
          LJ-14     Coulomb-14        LJ (SR)   Coulomb (SR)   Coul. recip.
    9.61976e+03    1.19647e+05    7.23332e+04   -1.15697e+06    4.13689e+03
 Position Rest.      Potential    Kinetic En.   Total Energy  Conserved En.
    3.31590e+03   -8.79195e+05    1.87541e+05   -6.91654e+05   -8.50712e+05
    Temperature Pressure (bar)   Constr. rmsd
    2.97280e+02   -5.32089e+02    2.94852e-06

           Step           Time
          19000       38.00000

   Energies (kJ/mol)
           Bond            U-B    Proper Dih.  Improper Dih.      CMAP Dih.
    1.38622e+04    2.51003e+04    2.84834e+04    1.40286e+03   -5.68072e+02
          LJ-14     Coulomb-14        LJ (SR)   Coulomb (SR)   Coul. recip.
    9.52330e+03    1.19747e+05    7.18792e+04   -1.15813e+06    4.21234e+03
 Position Rest.      Potential    Kinetic En.   Total Energy  Conserved En.
    3.22178e+03   -8.81263e+05    1.89960e+05   -6.91303e+05   -8.50777e+05
    Temperature Pressure (bar)   Constr. rmsd
    3.01115e+02   -1.42072e+03    3.13477e-06

           Step           Time
          19500       39.00000

   Energies (kJ/mol)
           Bond            U-B    Proper Dih.  Improper Dih.      CMAP Dih.
    1.35936e+04    2.53673e+04    2.83067e+04    1.63474e+03   -5.58311e+02
          LJ-14     Coulomb-14        LJ (SR)   Coulomb (SR)   Coul. recip.
    9.57406e+03    1.19429e+05    7.32523e+04   -1.15854e+06    4.12338e+03
 Position Rest.      Potential    Kinetic En.   Total Energy  Conserved En.
    3.30663e+03   -8.80512e+05    1.88442e+05   -6.92070e+05   -8.50764e+05
    Temperature Pressure (bar)   Constr. rmsd
    2.98708e+02   -5.72515e+02    2.99523e-06

           Step           Time
          20000       40.00000

   Energies (kJ/mol)
           Bond            U-B    Proper Dih.  Improper Dih.      CMAP Dih.
    1.37610e+04    2.51148e+04    2.83574e+04    1.51406e+03   -6.01972e+02
          LJ-14     Coulomb-14        LJ (SR)   Coulomb (SR)   Coul. recip.
    9.55468e+03    1.19678e+05    7.36825e+04   -1.16039e+06    4.12654e+03
 Position Rest.      Potential    Kinetic En.   Total Energy  Conserved En.
    3.18092e+03   -8.82017e+05    1.87881e+05   -6.94137e+05   -8.50746e+05
    Temperature Pressure (bar)   Constr. rmsd
    2.97819e+02   -3.13079e+02    2.97097e-06

           Step           Time
          20500       41.00000

   Energies (kJ/mol)
           Bond            U-B    Proper Dih.  Improper Dih.      CMAP Dih.
    1.41028e+04    2.53977e+04    2.82691e+04    1.59526e+03   -5.61627e+02
          LJ-14     Coulomb-14        LJ (SR)   Coulomb (SR)   Coul. recip.
    9.59273e+03    1.20111e+05    7.17045e+04   -1.15588e+06    4.15416e+03
 Position Rest.      Potential    Kinetic En.   Total Energy  Conserved En.
    3.37766e+03   -8.78141e+05    1.90262e+05   -6.87878e+05   -8.50747e+05
    Temperature Pressure (bar)   Constr. rmsd
    3.01594e+02   -5.73587e+02    3.06894e-06

           Step           Time
          21000       42.00000

   Energies (kJ/mol)
           Bond            U-B    Proper Dih.  Improper Dih.      CMAP Dih.
    1.40001e+04    2.52088e+04    2.84298e+04    1.49460e+03   -5.89342e+02
          LJ-14     Coulomb-14        LJ (SR)   Coulomb (SR)   Coul. recip.
    9.63962e+03    1.19518e+05    7.36260e+04   -1.15968e+06    4.05163e+03
 Position Rest.      Potential    Kinetic En.   Total Energy  Conserved En.
    3.15873e+03   -8.81139e+05    1.88839e+05   -6.92300e+05   -8.50735e+05
    Temperature Pressure (bar)   Constr. rmsd
    2.99338e+02   -8.54374e+02    3.09214e-06

           Step           Time
          21500       43.00000

   Energies (kJ/mol)
           Bond            U-B    Proper Dih.  Improper Dih.      CMAP Dih.
    1.39411e+04    2.55935e+04    2.83744e+04    1.50990e+03   -5.72160e+02
          LJ-14     Coulomb-14        LJ (SR)   Coulomb (SR)   Coul. recip.
    9.32056e+03    1.19882e+05    7.33355e+04   -1.16046e+06    4.15856e+03
 Position Rest.      Potential    Kinetic En.   Total Energy  Conserved En.
    3.46339e+03   -8.81450e+05    1.90272e+05   -6.91178e+05   -8.50734e+05
    Temperature Pressure (bar)   Constr. rmsd
    3.01610e+02   -9.30136e+02    2.99046e-06

           Step           Time
          22000       44.00000

   Energies (kJ/mol)
           Bond            U-B    Proper Dih.  Improper Dih.      CMAP Dih.
    1.41083e+04    2.52244e+04    2.85021e+04    1.46696e+03   -6.39794e+02
          LJ-14     Coulomb-14        LJ (SR)   Coulomb (SR)   Coul. recip.
    9.55446e+03    1.19831e+05    7.31436e+04   -1.15932e+06    4.14212e+03
 Position Rest.      Potential    Kinetic En.   Total Energy  Conserved En.
    3.17684e+03   -8.80813e+05    1.88870e+05   -6.91943e+05   -8.50710e+05
    Temperature Pressure (bar)   Constr. rmsd
    2.99387e+02   -6.56493e+02    3.05954e-06

           Step           Time
          22500       45.00000

   Energies (kJ/mol)
           Bond            U-B    Proper Dih.  Improper Dih.      CMAP Dih.
    1.39332e+04    2.53521e+04    2.82605e+04    1.47035e+03   -6.15190e+02
          LJ-14     Coulomb-14        LJ (SR)   Coulomb (SR)   Coul. recip.
    9.54136e+03    1.19481e+05    7.22999e+04   -1.15846e+06    4.10103e+03
 Position Rest.      Potential    Kinetic En.   Total Energy  Conserved En.
    3.16353e+03   -8.81477e+05    1.89194e+05   -6.92283e+05   -8.50735e+05
    Temperature Pressure (bar)   Constr. rmsd
    2.99900e+02   -8.57309e+02    2.96556e-06

           Step           Time
          23000       46.00000

   Energies (kJ/mol)
           Bond            U-B    Proper Dih.  Improper Dih.      CMAP Dih.
    1.38447e+04    2.51214e+04    2.82196e+04    1.49379e+03   -5.07374e+02
          LJ-14     Coulomb-14        LJ (SR)   Coulomb (SR)   Coul. recip.
    9.60899e+03    1.20582e+05    7.33426e+04   -1.16023e+06    4.12847e+03
 Position Rest.      Potential    Kinetic En.   Total Energy  Conserved En.
    3.26356e+03   -8.81128e+05    1.89434e+05   -6.91694e+05   -8.50747e+05
    Temperature Pressure (bar)   Constr. rmsd
    3.00281e+02   -8.09379e+02    3.14033e-06

           Step           Time
          23500       47.00000

   Energies (kJ/mol)
           Bond            U-B    Proper Dih.  Improper Dih.      CMAP Dih.
    1.36261e+04    2.55318e+04    2.85482e+04    1.64624e+03   -5.10066e+02
          LJ-14     Coulomb-14        LJ (SR)   Coulomb (SR)   Coul. recip.
    9.50602e+03    1.20162e+05    7.28678e+04   -1.15767e+06    4.14498e+03
 Position Rest.      Potential    Kinetic En.   Total Energy  Conserved En.
    3.14872e+03   -8.78996e+05    1.89928e+05   -6.89068e+05   -8.50721e+05
    Temperature Pressure (bar)   Constr. rmsd
    3.01064e+02   -5.92405e+02    2.98921e-06

           Step           Time
          24000       48.00000

   Energies (kJ/mol)
           Bond            U-B    Proper Dih.  Improper Dih.      CMAP Dih.
    1.38890e+04    2.53555e+04    2.81717e+04    1.51780e+03   -5.69669e+02
          LJ-14     Coulomb-14        LJ (SR)   Coulomb (SR)   Coul. recip.
    9.47730e+03    1.19792e+05    7.25790e+04   -1.15935e+06    4.19044e+03
 Position Rest.      Potential    Kinetic En.   Total Energy  Conserved En.
    3.11467e+03   -8.81829e+05    1.88252e+05   -6.93577e+05   -8.50685e+05
    Temperature Pressure (bar)   Constr. rmsd
    2.98407e+02   -3.07067e+02    2.95350e-06

           Step           Time
          24500       49.00000

   Energies (kJ/mol)
           Bond            U-B    Proper Dih.  Improper Dih.      CMAP Dih.
    1.40470e+04    2.56658e+04    2.83155e+04    1.47142e+03   -5.65561e+02
          LJ-14     Coulomb-14        LJ (SR)   Coulomb (SR)   Coul. recip.
    9.50134e+03    1.19972e+05    7.27427e+04   -1.15975e+06    4.05888e+03
 Position Rest.      Potential    Kinetic En.   Total Energy  Conserved En.
    3.24979e+03   -8.81291e+05    1.89722e+05   -6.91569e+05   -8.50677e+05
    Temperature Pressure (bar)   Constr. rmsd
    3.00738e+02   -4.40522e+02    3.16279e-06

           Step           Time
          25000       50.00000

   Energies (kJ/mol)
           Bond            U-B    Proper Dih.  Improper Dih.      CMAP Dih.
    1.38479e+04    2.49460e+04    2.81712e+04    1.50345e+03   -4.41319e+02
          LJ-14     Coulomb-14        LJ (SR)   Coulomb (SR)   Coul. recip.
    9.47144e+03    1.20073e+05    7.34584e+04   -1.16025e+06    4.05089e+03
 Position Rest.      Potential    Kinetic En.   Total Energy  Conserved En.
    3.22681e+03   -8.81943e+05    1.88597e+05   -6.93345e+05   -8.50713e+05
    Temperature Pressure (bar)   Constr. rmsd
    2.98955e+02   -4.81905e+02    3.11812e-06

           Step           Time
          25500       51.00000

   Energies (kJ/mol)
           Bond            U-B    Proper Dih.  Improper Dih.      CMAP Dih.
    1.37748e+04    2.53946e+04    2.83346e+04    1.47821e+03   -5.68996e+02
          LJ-14     Coulomb-14        LJ (SR)   Coulomb (SR)   Coul. recip.
    9.38754e+03    1.19803e+05    7.48509e+04   -1.16028e+06    4.18426e+03
 Position Rest.      Potential    Kinetic En.   Total Energy  Conserved En.
    3.23044e+03   -8.80410e+05    1.89413e+05   -6.90997e+05   -8.50697e+05
    Temperature Pressure (bar)   Constr. rmsd
    3.00248e+02   -3.43029e+02    2.92458e-06

           Step           Time
          26000       52.00000

   Energies (kJ/mol)
           Bond            U-B    Proper Dih.  Improper Dih.      CMAP Dih.
    1.39771e+04    2.52555e+04    2.81646e+04    1.56337e+03   -5.32637e+02
          LJ-14     Coulomb-14        LJ (SR)   Coulomb (SR)   Coul. recip.
    9.36451e+03    1.20192e+05    7.38814e+04   -1.16151e+06    4.14402e+03
 Position Rest.      Potential    Kinetic En.   Total Energy  Conserved En.
    3.25176e+03   -8.82245e+05    1.88970e+05   -6.93275e+05   -8.50686e+05
    Temperature Pressure (bar)   Constr. rmsd
    2.99546e+02   -8.40086e+02    3.06366e-06

           Step           Time
          26500       53.00000

   Energies (kJ/mol)
           Bond            U-B    Proper Dih.  Improper Dih.      CMAP Dih.
    1.35776e+04    2.56984e+04    2.82358e+04    1.58188e+03   -4.75434e+02
          LJ-14     Coulomb-14        LJ (SR)   Coulomb (SR)   Coul. recip.
    9.39043e+03    1.19748e+05    7.45389e+04   -1.16196e+06    4.06123e+03
 Position Rest.      Potential    Kinetic En.   Total Energy  Conserved En.
    3.16913e+03   -8.82431e+05    1.88597e+05   -6.93834e+05   -8.50706e+05
    Temperature Pressure (bar)   Constr. rmsd
    2.98954e+02   -1.02739e+03    2.97127e-06

           Step           Time
          27000       54.00000

   Energies (kJ/mol)
           Bond            U-B    Proper Dih.  Improper Dih.      CMAP Dih.
    1.39174e+04    2.52059e+04    2.84405e+04    1.58644e+03   -6.21100e+02
          LJ-14     Coulomb-14        LJ (SR)   Coulomb (SR)   Coul. recip.
    9.63947e+03    1.19574e+05    7.34350e+04   -1.15955e+06    4.19644e+03
 Position Rest.      Potential    Kinetic En.   Total Energy  Conserved En.
    3.27263e+03   -8.80906e+05    1.88916e+05   -6.91990e+05   -8.50687e+05
    Temperature Pressure (bar)   Constr. rmsd
    2.99461e+02   -3.90854e+02    3.15087e-06

           Step           Time
          27500       55.00000

   Energies (kJ/mol)
           Bond            U-B    Proper Dih.  Improper Dih.      CMAP Dih.
    1.39845e+04    2.56928e+04    2.83338e+04    1.49943e+03   -6.21554e+02
          LJ-14     Coulomb-14        LJ (SR)   Coulomb (SR)   Coul. recip.
    9.48230e+03    1.19477e+05    7.35006e+04   -1.16026e+06    4.02140e+03
 Position Rest.      Potential    Kinetic En.   Total Energy  Conserved En.
    3.34647e+03   -8.81541e+05    1.89468e+05   -6.92073e+05   -8.50694e+05
    Temperature Pressure (bar)   Constr. rmsd
    3.00335e+02   -9.69059e+02    2.94263e-06

           Step           Time
          28000       56.00000

   Energies (kJ/mol)
           Bond            U-B    Proper Dih.  Improper Dih.      CMAP Dih.
    1.37894e+04    2.53488e+04    2.83899e+04    1.40406e+03   -5.56821e+02
          LJ-14     Coulomb-14        LJ (SR)   Coulomb (SR)   Coul. recip.
    9.44655e+03    1.19840e+05    7.34409e+04   -1.16153e+06    4.12184e+03
 Position Rest.      Potential    Kinetic En.   Total Energy  Conserved En.
    3.22676e+03   -8.83076e+05    1.88462e+05   -6.94614e+05   -8.50686e+05
    Temperature Pressure (bar)   Constr. rmsd
    2.98740e+02   -6.31901e+02    2.96057e-06

           Step           Time
          28500       57.00000

   Energies (kJ/mol)
           Bond            U-B    Proper Dih.  Improper Dih.      CMAP Dih.
    1.36020e+04    2.51688e+04    2.81483e+04    1.38577e+03   -5.55244e+02
          LJ-14     Coulomb-14        LJ (SR)   Coulomb (SR)   Coul. recip.
    9.57755e+03    1.19839e+05    7.31202e+04   -1.16027e+06    4.13531e+03
 Position Rest.      Potential    Kinetic En.   Total Energy  Conserved En.
    3.31616e+03   -8.82528e+05    1.88640e+05   -6.93888e+05   -8.50680e+05
    Temperature Pressure (bar)   Constr. rmsd
    2.99023e+02   -6.01973e+02    3.11106e-06

           Step           Time
          29000       58.00000

   Energies (kJ/mol)
           Bond            U-B    Proper Dih.  Improper Dih.      CMAP Dih.
    1.39020e+04    2.54571e+04    2.82682e+04    1.56610e+03   -6.11338e+02
          LJ-14     Coulomb-14        LJ (SR)   Coulomb (SR)   Coul. recip.
    9.53761e+03    1.19813e+05    7.24416e+04   -1.15781e+06    4.03848e+03
 Position Rest.      Potential    Kinetic En.   Total Energy  Conserved En.
    3.31278e+03   -8.80087e+05    1.89545e+05   -6.90542e+05   -8.50675e+05
    Temperature Pressure (bar)   Constr. rmsd
    3.00457e+02   -8.99356e+02    2.98184e-06

Writing checkpoint, step 29200 at Fri Jan 12 13:21:33 2024


           Step           Time
          29500       59.00000

   Energies (kJ/mol)
           Bond            U-B    Proper Dih.  Improper Dih.      CMAP Dih.
    1.38311e+04    2.53213e+04    2.82067e+04    1.44778e+03   -6.02291e+02
          LJ-14     Coulomb-14        LJ (SR)   Coulomb (SR)   Coul. recip.
    9.54071e+03    1.19863e+05    7.20799e+04   -1.15839e+06    4.10794e+03
 Position Rest.      Potential    Kinetic En.   Total Energy  Conserved En.
    3.28938e+03   -8.81302e+05    1.89036e+05   -6.92266e+05   -8.50674e+05
    Temperature Pressure (bar)   Constr. rmsd
    2.99650e+02   -7.34870e+02    3.00006e-06

           Step           Time
          30000       60.00000

   Energies (kJ/mol)
           Bond            U-B    Proper Dih.  Improper Dih.      CMAP Dih.
    1.36979e+04    2.52477e+04    2.82884e+04    1.39713e+03   -5.77520e+02
          LJ-14     Coulomb-14        LJ (SR)   Coulomb (SR)   Coul. recip.
    9.48854e+03    1.19913e+05    7.30137e+04   -1.15895e+06    4.07942e+03
 Position Rest.      Potential    Kinetic En.   Total Energy  Conserved En.
    3.28978e+03   -8.81112e+05    1.89151e+05   -6.91960e+05   -8.50667e+05
    Temperature Pressure (bar)   Constr. rmsd
    2.99833e+02   -4.86505e+02    3.07572e-06

           Step           Time
          30500       61.00000

   Energies (kJ/mol)
           Bond            U-B    Proper Dih.  Improper Dih.      CMAP Dih.
    1.37850e+04    2.50811e+04    2.82320e+04    1.54237e+03   -5.70921e+02
          LJ-14     Coulomb-14        LJ (SR)   Coulomb (SR)   Coul. recip.
    9.70172e+03    1.19942e+05    7.22278e+04   -1.15822e+06    3.97708e+03
 Position Rest.      Potential    Kinetic En.   Total Energy  Conserved En.
    3.21715e+03   -8.81080e+05    1.88578e+05   -6.92502e+05   -8.50639e+05
    Temperature Pressure (bar)   Constr. rmsd
    2.98925e+02   -1.02580e+03    3.05399e-06

           Step           Time
          31000       62.00000

   Energies (kJ/mol)
           Bond            U-B    Proper Dih.  Improper Dih.      CMAP Dih.
    1.38674e+04    2.52597e+04    2.84158e+04    1.51296e+03   -5.53742e+02
          LJ-14     Coulomb-14        LJ (SR)   Coulomb (SR)   Coul. recip.
    9.47790e+03    1.19639e+05    7.29294e+04   -1.15780e+06    4.08861e+03
 Position Rest.      Potential    Kinetic En.   Total Energy  Conserved En.
    3.33552e+03   -8.79832e+05    1.88313e+05   -6.91519e+05   -8.50636e+05
    Temperature Pressure (bar)   Constr. rmsd
    2.98504e+02   -8.74168e+02    3.01454e-06

           Step           Time
          31500       63.00000

   Energies (kJ/mol)
           Bond            U-B    Proper Dih.  Improper Dih.      CMAP Dih.
    1.36985e+04    2.53618e+04    2.84345e+04    1.45746e+03   -5.38155e+02
          LJ-14     Coulomb-14        LJ (SR)   Coulomb (SR)   Coul. recip.
    9.54290e+03    1.20209e+05    7.27841e+04   -1.15894e+06    4.09368e+03
 Position Rest.      Potential    Kinetic En.   Total Energy  Conserved En.
    3.03671e+03   -8.80857e+05    1.88797e+05   -6.92060e+05   -8.50601e+05
    Temperature Pressure (bar)   Constr. rmsd
    2.99271e+02   -5.73748e+02    3.05975e-06

           Step           Time
          32000       64.00000

   Energies (kJ/mol)
           Bond            U-B    Proper Dih.  Improper Dih.      CMAP Dih.
    1.38186e+04    2.52079e+04    2.86401e+04    1.48187e+03   -6.29141e+02
          LJ-14     Coulomb-14        LJ (SR)   Coulomb (SR)   Coul. recip.
    9.47625e+03    1.19929e+05    7.21642e+04   -1.15817e+06    4.19598e+03
 Position Rest.      Potential    Kinetic En.   Total Energy  Conserved En.
    3.23137e+03   -8.80656e+05    1.89095e+05   -6.91561e+05   -8.50620e+05
    Temperature Pressure (bar)   Constr. rmsd
    2.99744e+02   -7.15146e+02    3.18030e-06

           Step           Time
          32500       65.00000

   Energies (kJ/mol)
           Bond            U-B    Proper Dih.  Improper Dih.      CMAP Dih.
    1.42465e+04    2.57255e+04    2.83811e+04    1.50199e+03   -6.68332e+02
          LJ-14     Coulomb-14        LJ (SR)   Coulomb (SR)   Coul. recip.
    9.44676e+03    1.19608e+05    7.31732e+04   -1.15985e+06    4.10060e+03
 Position Rest.      Potential    Kinetic En.   Total Energy  Conserved En.
    3.34400e+03   -8.80990e+05    1.89053e+05   -6.91937e+05   -8.50570e+05
    Temperature Pressure (bar)   Constr. rmsd
    2.99677e+02   -7.01320e+02    2.96824e-06

           Step           Time
          33000       66.00000

   Energies (kJ/mol)
           Bond            U-B    Proper Dih.  Improper Dih.      CMAP Dih.
    1.38119e+04    2.53549e+04    2.83340e+04    1.55403e+03   -6.31195e+02
          LJ-14     Coulomb-14        LJ (SR)   Coulomb (SR)   Coul. recip.
    9.54479e+03    1.19521e+05    7.24043e+04   -1.15836e+06    4.16019e+03
 Position Rest.      Potential    Kinetic En.   Total Energy  Conserved En.
    3.20226e+03   -8.81108e+05    1.90038e+05   -6.91070e+05   -8.50665e+05
    Temperature Pressure (bar)   Constr. rmsd
    3.01239e+02   -1.06165e+03    3.01672e-06

           Step           Time
          33500       67.00000

   Energies (kJ/mol)
           Bond            U-B    Proper Dih.  Improper Dih.      CMAP Dih.
    1.37073e+04    2.52849e+04    2.82228e+04    1.38458e+03   -6.42184e+02
          LJ-14     Coulomb-14        LJ (SR)   Coulomb (SR)   Coul. recip.
    9.63451e+03    1.20074e+05    7.38115e+04   -1.16029e+06    4.12013e+03
 Position Rest.      Potential    Kinetic En.   Total Energy  Conserved En.
    3.18730e+03   -8.81503e+05    1.89775e+05   -6.91728e+05   -8.50634e+05
    Temperature Pressure (bar)   Constr. rmsd
    3.00821e+02   -5.98522e+02    2.99764e-06

           Step           Time
          34000       68.00000

   Energies (kJ/mol)
           Bond            U-B    Proper Dih.  Improper Dih.      CMAP Dih.
    1.39933e+04    2.50523e+04    2.83632e+04    1.52153e+03   -5.45524e+02
          LJ-14     Coulomb-14        LJ (SR)   Coulomb (SR)   Coul. recip.
    9.48526e+03    1.19849e+05    7.24387e+04   -1.15867e+06    4.09172e+03
 Position Rest.      Potential    Kinetic En.   Total Energy  Conserved En.
    3.23775e+03   -8.81187e+05    1.89885e+05   -6.91302e+05   -8.50640e+05
    Temperature Pressure (bar)   Constr. rmsd
    3.00995e+02   -7.59759e+02    3.00569e-06

           Step           Time
          34500       69.00000

   Energies (kJ/mol)
           Bond            U-B    Proper Dih.  Improper Dih.      CMAP Dih.
    1.39672e+04    2.53972e+04    2.82597e+04    1.48890e+03   -6.58268e+02
          LJ-14     Coulomb-14        LJ (SR)   Coulomb (SR)   Coul. recip.
    9.53527e+03    1.20139e+05    7.32367e+04   -1.16062e+06    4.07692e+03
 Position Rest.      Potential    Kinetic En.   Total Energy  Conserved En.
    3.31421e+03   -8.81861e+05    1.90039e+05   -6.91822e+05   -8.50585e+05
    Temperature Pressure (bar)   Constr. rmsd
    3.01240e+02   -7.55160e+02    2.92123e-06

           Step           Time
          35000       70.00000

   Energies (kJ/mol)
           Bond            U-B    Proper Dih.  Improper Dih.      CMAP Dih.
    1.39164e+04    2.54887e+04    2.82879e+04    1.47233e+03   -5.44896e+02
          LJ-14     Coulomb-14        LJ (SR)   Coulomb (SR)   Coul. recip.
    9.55089e+03    1.19698e+05    7.12102e+04   -1.15731e+06    4.06551e+03
 Position Rest.      Potential    Kinetic En.   Total Energy  Conserved En.
    3.24537e+03   -8.80923e+05    1.89302e+05   -6.91621e+05   -8.50589e+05
    Temperature Pressure (bar)   Constr. rmsd
    3.00072e+02   -7.57423e+02    2.97833e-06

           Step           Time
          35500       71.00000

   Energies (kJ/mol)
           Bond            U-B    Proper Dih.  Improper Dih.      CMAP Dih.
    1.40422e+04    2.51886e+04    2.84708e+04    1.51077e+03   -6.89910e+02
          LJ-14     Coulomb-14        LJ (SR)   Coulomb (SR)   Coul. recip.
    9.59301e+03    1.19911e+05    7.32918e+04   -1.15949e+06    3.99675e+03
 Position Rest.      Potential    Kinetic En.   Total Energy  Conserved En.
    3.33052e+03   -8.80843e+05    1.90177e+05   -6.90665e+05   -8.50555e+05
    Temperature Pressure (bar)   Constr. rmsd
    3.01459e+02   -7.33356e+02    3.05259e-06

           Step           Time
          36000       72.00000

   Energies (kJ/mol)
           Bond            U-B    Proper Dih.  Improper Dih.      CMAP Dih.
    1.35497e+04    2.56488e+04    2.82448e+04    1.50287e+03   -5.43329e+02
          LJ-14     Coulomb-14        LJ (SR)   Coulomb (SR)   Coul. recip.
    9.42825e+03    1.19791e+05    7.25567e+04   -1.15957e+06    4.17305e+03
 Position Rest.      Potential    Kinetic En.   Total Energy  Conserved En.
    3.22673e+03   -8.81991e+05    1.87916e+05   -6.94075e+05   -8.50579e+05
    Temperature Pressure (bar)   Constr. rmsd
    2.97874e+02   -6.22435e+02    2.92267e-06

           Step           Time
          36500       73.00000

   Energies (kJ/mol)
           Bond            U-B    Proper Dih.  Improper Dih.      CMAP Dih.
    1.39510e+04    2.52584e+04    2.84023e+04    1.37476e+03   -6.26521e+02
          LJ-14     Coulomb-14        LJ (SR)   Coulomb (SR)   Coul. recip.
    9.34951e+03    1.20039e+05    7.16135e+04   -1.15837e+06    4.15405e+03
 Position Rest.      Potential    Kinetic En.   Total Energy  Conserved En.
    3.42106e+03   -8.81436e+05    1.88921e+05   -6.92515e+05   -8.50566e+05
    Temperature Pressure (bar)   Constr. rmsd
    2.99467e+02   -1.02637e+03    2.97562e-06

           Step           Time
          37000       74.00000

   Energies (kJ/mol)
           Bond            U-B    Proper Dih.  Improper Dih.      CMAP Dih.
    1.37713e+04    2.51381e+04    2.84182e+04    1.52833e+03   -6.05622e+02
          LJ-14     Coulomb-14        LJ (SR)   Coulomb (SR)   Coul. recip.
    9.45043e+03    1.19836e+05    7.23795e+04   -1.15912e+06    4.08500e+03
 Position Rest.      Potential    Kinetic En.   Total Energy  Conserved En.
    3.37326e+03   -8.81744e+05    1.88684e+05   -6.93060e+05   -8.50584e+05
    Temperature Pressure (bar)   Constr. rmsd
    2.99091e+02   -8.93710e+02    2.94966e-06

           Step           Time
          37500       75.00000

   Energies (kJ/mol)
           Bond            U-B    Proper Dih.  Improper Dih.      CMAP Dih.
    1.37811e+04    2.54258e+04    2.81187e+04    1.37131e+03   -5.65442e+02
          LJ-14     Coulomb-14        LJ (SR)   Coulomb (SR)   Coul. recip.
    9.67288e+03    1.19943e+05    7.33946e+04   -1.16087e+06    4.17365e+03
 Position Rest.      Potential    Kinetic En.   Total Energy  Conserved En.
    3.28892e+03   -8.82264e+05    1.89616e+05   -6.92648e+05   -8.50529e+05
    Temperature Pressure (bar)   Constr. rmsd
    3.00569e+02   -2.19254e+02    2.84865e-06

           Step           Time
          38000       76.00000

   Energies (kJ/mol)
           Bond            U-B    Proper Dih.  Improper Dih.      CMAP Dih.
    1.37445e+04    2.56488e+04    2.81657e+04    1.56378e+03   -5.25110e+02
          LJ-14     Coulomb-14        LJ (SR)   Coulomb (SR)   Coul. recip.
    9.63590e+03    1.19648e+05    7.29124e+04   -1.15885e+06    4.05022e+03
 Position Rest.      Potential    Kinetic En.   Total Energy  Conserved En.
    3.25569e+03   -8.80747e+05    1.89859e+05   -6.90888e+05   -8.50550e+05
    Temperature Pressure (bar)   Constr. rmsd
    3.00955e+02   -5.58809e+02    2.93027e-06

           Step           Time
          38500       77.00000

   Energies (kJ/mol)
           Bond            U-B    Proper Dih.  Improper Dih.      CMAP Dih.
    1.35457e+04    2.53228e+04    2.81342e+04    1.61947e+03   -5.29212e+02
          LJ-14     Coulomb-14        LJ (SR)   Coulomb (SR)   Coul. recip.
    9.61491e+03    1.20497e+05    7.43582e+04   -1.16180e+06    4.07281e+03
 Position Rest.      Potential    Kinetic En.   Total Energy  Conserved En.
    3.29950e+03   -8.81860e+05    1.88667e+05   -6.93193e+05   -8.50528e+05
    Temperature Pressure (bar)   Constr. rmsd
    2.99066e+02   -2.77568e+02    3.00324e-06

           Step           Time
          39000       78.00000

   Energies (kJ/mol)
           Bond            U-B    Proper Dih.  Improper Dih.      CMAP Dih.
    1.38160e+04    2.54145e+04    2.83331e+04    1.58965e+03   -6.17770e+02
          LJ-14     Coulomb-14        LJ (SR)   Coulomb (SR)   Coul. recip.
    9.60590e+03    1.19780e+05    7.19693e+04   -1.15805e+06    4.13105e+03
 Position Rest.      Potential    Kinetic En.   Total Energy  Conserved En.
    3.12050e+03   -8.80910e+05    1.89414e+05   -6.91496e+05   -8.50501e+05
    Temperature Pressure (bar)   Constr. rmsd
    3.00250e+02   -7.91897e+02    2.92058e-06

           Step           Time
          39500       79.00000

   Energies (kJ/mol)
           Bond            U-B    Proper Dih.  Improper Dih.      CMAP Dih.
    1.37761e+04    2.50161e+04    2.84556e+04    1.46535e+03   -5.83076e+02
          LJ-14     Coulomb-14        LJ (SR)   Coulomb (SR)   Coul. recip.
    9.61365e+03    1.20081e+05    7.36029e+04   -1.15939e+06    4.19225e+03
 Position Rest.      Potential    Kinetic En.   Total Energy  Conserved En.
    3.20724e+03   -8.80564e+05    1.87635e+05   -6.92929e+05   -8.50528e+05
    Temperature Pressure (bar)   Constr. rmsd
    2.97430e+02   -2.30021e+02    2.99992e-06

           Step           Time
          40000       80.00000

   Energies (kJ/mol)
           Bond            U-B    Proper Dih.  Improper Dih.      CMAP Dih.
    1.38357e+04    2.57531e+04    2.84253e+04    1.44771e+03   -7.45619e+02
          LJ-14     Coulomb-14        LJ (SR)   Coulomb (SR)   Coul. recip.
    9.47088e+03    1.19784e+05    7.37324e+04   -1.15919e+06    4.09016e+03
 Position Rest.      Potential    Kinetic En.   Total Energy  Conserved En.
    3.43980e+03   -8.79956e+05    1.88651e+05   -6.91304e+05   -8.50530e+05
    Temperature Pressure (bar)   Constr. rmsd
    2.99041e+02   -6.49357e+02    2.99502e-06

           Step           Time
          40500       81.00000

   Energies (kJ/mol)
           Bond            U-B    Proper Dih.  Improper Dih.      CMAP Dih.
    1.36739e+04    2.53821e+04    2.83236e+04    1.46125e+03   -5.92932e+02
          LJ-14     Coulomb-14        LJ (SR)   Coulomb (SR)   Coul. recip.
    9.51876e+03    1.20037e+05    7.16440e+04   -1.15833e+06    4.05695e+03
 Position Rest.      Potential    Kinetic En.   Total Energy  Conserved En.
    3.24814e+03   -8.81581e+05    1.90264e+05   -6.91317e+05   -8.50558e+05
    Temperature Pressure (bar)   Constr. rmsd
    3.01596e+02   -1.08105e+03    2.98540e-06

           Step           Time
          41000       82.00000

   Energies (kJ/mol)
           Bond            U-B    Proper Dih.  Improper Dih.      CMAP Dih.
    1.42491e+04    2.51354e+04    2.82596e+04    1.50077e+03   -6.35766e+02
          LJ-14     Coulomb-14        LJ (SR)   Coulomb (SR)   Coul. recip.
    9.43502e+03    1.19752e+05    7.32389e+04   -1.16074e+06    4.10161e+03
 Position Rest.      Potential    Kinetic En.   Total Energy  Conserved En.
    3.20151e+03   -8.82503e+05    1.88861e+05   -6.93641e+05   -8.50505e+05
    Temperature Pressure (bar)   Constr. rmsd
    2.99373e+02   -9.08171e+02    3.09962e-06

           Step           Time
          41500       83.00000

   Energies (kJ/mol)
           Bond            U-B    Proper Dih.  Improper Dih.      CMAP Dih.
    1.39083e+04    2.52014e+04    2.84074e+04    1.55417e+03   -6.48650e+02
          LJ-14     Coulomb-14        LJ (SR)   Coulomb (SR)   Coul. recip.
    9.50820e+03    1.19593e+05    7.34936e+04   -1.16062e+06    4.02212e+03
 Position Rest.      Potential    Kinetic En.   Total Energy  Conserved En.
    3.15246e+03   -8.82431e+05    1.88278e+05   -6.94152e+05   -8.50539e+05
    Temperature Pressure (bar)   Constr. rmsd
    2.98449e+02   -6.16200e+02    2.92594e-06

           Step           Time
          42000       84.00000

   Energies (kJ/mol)
           Bond            U-B    Proper Dih.  Improper Dih.      CMAP Dih.
    1.37335e+04    2.52138e+04    2.83146e+04    1.52991e+03   -5.99081e+02
          LJ-14     Coulomb-14        LJ (SR)   Coulomb (SR)   Coul. recip.
    9.57676e+03    1.19758e+05    7.29743e+04   -1.15875e+06    4.09621e+03
 Position Rest.      Potential    Kinetic En.   Total Energy  Conserved En.
    3.19345e+03   -8.80961e+05    1.88602e+05   -6.92359e+05   -8.50517e+05
    Temperature Pressure (bar)   Constr. rmsd
    2.98962e+02   -1.19313e+03    2.96988e-06

           Step           Time
          42500       85.00000

   Energies (kJ/mol)
           Bond            U-B    Proper Dih.  Improper Dih.      CMAP Dih.
    1.38982e+04    2.48740e+04    2.83492e+04    1.57385e+03   -6.28177e+02
          LJ-14     Coulomb-14        LJ (SR)   Coulomb (SR)   Coul. recip.
    9.54129e+03    1.19726e+05    7.31123e+04   -1.16052e+06    4.18956e+03
 Position Rest.      Potential    Kinetic En.   Total Energy  Conserved En.
    3.28508e+03   -8.82604e+05    1.88717e+05   -6.93886e+05   -8.50499e+05
    Temperature Pressure (bar)   Constr. rmsd
    2.99145e+02   -1.16918e+03    3.03600e-06

           Step           Time
          43000       86.00000

   Energies (kJ/mol)
           Bond            U-B    Proper Dih.  Improper Dih.      CMAP Dih.
    1.39691e+04    2.50936e+04    2.84076e+04    1.44455e+03   -6.11987e+02
          LJ-14     Coulomb-14        LJ (SR)   Coulomb (SR)   Coul. recip.
    9.65783e+03    1.20146e+05    7.29564e+04   -1.16008e+06    4.08489e+03
 Position Rest.      Potential    Kinetic En.   Total Energy  Conserved En.
    3.41761e+03   -8.81509e+05    1.89193e+05   -6.92316e+05   -8.50516e+05
    Temperature Pressure (bar)   Constr. rmsd
    2.99899e+02   -8.71690e+02    3.10011e-06

           Step           Time
          43500       87.00000

   Energies (kJ/mol)
           Bond            U-B    Proper Dih.  Improper Dih.      CMAP Dih.
    1.36877e+04    2.52793e+04    2.83809e+04    1.47388e+03   -5.64765e+02
          LJ-14     Coulomb-14        LJ (SR)   Coulomb (SR)   Coul. recip.
    9.59654e+03    1.19487e+05    7.39951e+04   -1.16102e+06    4.05339e+03
 Position Rest.      Potential    Kinetic En.   Total Energy  Conserved En.
    3.35179e+03   -8.82280e+05    1.89303e+05   -6.92977e+05   -8.50514e+05
    Temperature Pressure (bar)   Constr. rmsd
    3.00073e+02   -8.67983e+02    2.91474e-06

           Step           Time
          44000       88.00000

   Energies (kJ/mol)
           Bond            U-B    Proper Dih.  Improper Dih.      CMAP Dih.
    1.38372e+04    2.54781e+04    2.82785e+04    1.48367e+03   -5.63212e+02
          LJ-14     Coulomb-14        LJ (SR)   Coulomb (SR)   Coul. recip.
    9.57266e+03    1.19925e+05    7.29908e+04   -1.15952e+06    4.02824e+03
 Position Rest.      Potential    Kinetic En.   Total Energy  Conserved En.
    3.20044e+03   -8.81290e+05    1.88421e+05   -6.92870e+05   -8.50493e+05
    Temperature Pressure (bar)   Constr. rmsd
    2.98675e+02   -7.09259e+02    2.91737e-06

           Step           Time
          44500       89.00000

   Energies (kJ/mol)
           Bond            U-B    Proper Dih.  Improper Dih.      CMAP Dih.
    1.37390e+04    2.55919e+04    2.84413e+04    1.52555e+03   -6.52088e+02
          LJ-14     Coulomb-14        LJ (SR)   Coulomb (SR)   Coul. recip.
    9.51459e+03    1.19962e+05    7.34766e+04   -1.15842e+06    4.06587e+03
 Position Rest.      Potential    Kinetic En.   Total Energy  Conserved En.
    3.28323e+03   -8.79471e+05    1.90064e+05   -6.89407e+05   -8.50498e+05
    Temperature Pressure (bar)   Constr. rmsd
    3.01279e+02   -3.78651e+02    2.91276e-06

           Step           Time
          45000       90.00000

   Energies (kJ/mol)
           Bond            U-B    Proper Dih.  Improper Dih.      CMAP Dih.
    1.35947e+04    2.57151e+04    2.83438e+04    1.42886e+03   -6.96259e+02
          LJ-14     Coulomb-14        LJ (SR)   Coulomb (SR)   Coul. recip.
    9.65019e+03    1.19791e+05    7.30661e+04   -1.15955e+06    4.12450e+03
 Position Rest.      Potential    Kinetic En.   Total Energy  Conserved En.
    3.20316e+03   -8.81326e+05    1.89532e+05   -6.91793e+05   -8.50493e+05
    Temperature Pressure (bar)   Constr. rmsd
    3.00437e+02   -7.51425e+02    2.91071e-06

           Step           Time
          45500       91.00000

   Energies (kJ/mol)
           Bond            U-B    Proper Dih.  Improper Dih.      CMAP Dih.
    1.39685e+04    2.55953e+04    2.83540e+04    1.65096e+03   -7.06859e+02
          LJ-14     Coulomb-14        LJ (SR)   Coulomb (SR)   Coul. recip.
    9.37010e+03    1.19501e+05    7.28763e+04   -1.15980e+06    4.15691e+03
 Position Rest.      Potential    Kinetic En.   Total Energy  Conserved En.
    3.22028e+03   -8.81810e+05    1.88009e+05   -6.93801e+05   -8.50459e+05
    Temperature Pressure (bar)   Constr. rmsd
    2.98022e+02   -7.01798e+02    2.87856e-06

           Step           Time
          46000       92.00000

   Energies (kJ/mol)
           Bond            U-B    Proper Dih.  Improper Dih.      CMAP Dih.
    1.39949e+04    2.52629e+04    2.83706e+04    1.64116e+03   -6.81347e+02
          LJ-14     Coulomb-14        LJ (SR)   Coulomb (SR)   Coul. recip.
    9.45330e+03    1.19863e+05    7.31025e+04   -1.15863e+06    4.14675e+03
 Position Rest.      Potential    Kinetic En.   Total Energy  Conserved En.
    3.26541e+03   -8.80211e+05    1.89139e+05   -6.91072e+05   -8.50482e+05
    Temperature Pressure (bar)   Constr. rmsd
    2.99813e+02   -8.75134e+02    2.98746e-06

Writing checkpoint, step 46160 at Fri Jan 12 13:36:33 2024


           Step           Time
          46500       93.00000

   Energies (kJ/mol)
           Bond            U-B    Proper Dih.  Improper Dih.      CMAP Dih.
    1.39792e+04    2.51311e+04    2.82933e+04    1.43526e+03   -5.32843e+02
          LJ-14     Coulomb-14        LJ (SR)   Coulomb (SR)   Coul. recip.
    9.56620e+03    1.20028e+05    7.29900e+04   -1.15827e+06    4.04656e+03
 Position Rest.      Potential    Kinetic En.   Total Energy  Conserved En.
    3.07101e+03   -8.80262e+05    1.90313e+05   -6.89949e+05   -8.50478e+05
    Temperature Pressure (bar)   Constr. rmsd
    3.01674e+02   -5.86262e+02    2.94511e-06

           Step           Time
          47000       94.00000

   Energies (kJ/mol)
           Bond            U-B    Proper Dih.  Improper Dih.      CMAP Dih.
    1.35415e+04    2.53870e+04    2.82251e+04    1.53554e+03   -5.52512e+02
          LJ-14     Coulomb-14        LJ (SR)   Coulomb (SR)   Coul. recip.
    9.52936e+03    1.20014e+05    7.26651e+04   -1.15896e+06    4.07896e+03
 Position Rest.      Potential    Kinetic En.   Total Energy  Conserved En.
    3.37800e+03   -8.81161e+05    1.88822e+05   -6.92339e+05   -8.50483e+05
    Temperature Pressure (bar)   Constr. rmsd
    2.99311e+02   -8.88232e+02    2.94187e-06

           Step           Time
          47500       95.00000

   Energies (kJ/mol)
           Bond            U-B    Proper Dih.  Improper Dih.      CMAP Dih.
    1.38260e+04    2.55516e+04    2.83422e+04    1.48256e+03   -5.59611e+02
          LJ-14     Coulomb-14        LJ (SR)   Coulomb (SR)   Coul. recip.
    9.67408e+03    1.19426e+05    7.24554e+04   -1.15934e+06    4.16985e+03
 Position Rest.      Potential    Kinetic En.   Total Energy  Conserved En.
    3.22266e+03   -8.81747e+05    1.89940e+05   -6.91807e+05   -8.50479e+05
    Temperature Pressure (bar)   Constr. rmsd
    3.01083e+02   -5.94594e+02    3.08112e-06

           Step           Time
          48000       96.00000

   Energies (kJ/mol)
           Bond            U-B    Proper Dih.  Improper Dih.      CMAP Dih.
    1.36380e+04    2.53702e+04    2.83400e+04    1.55657e+03   -6.52562e+02
          LJ-14     Coulomb-14        LJ (SR)   Coulomb (SR)   Coul. recip.
    9.52878e+03    1.19637e+05    7.16629e+04   -1.15758e+06    4.04799e+03
 Position Rest.      Potential    Kinetic En.   Total Energy  Conserved En.
    3.16863e+03   -8.81277e+05    1.88748e+05   -6.92529e+05   -8.50485e+05
    Temperature Pressure (bar)   Constr. rmsd
    2.99193e+02   -6.55454e+02    2.94096e-06

           Step           Time
          48500       97.00000

   Energies (kJ/mol)
           Bond            U-B    Proper Dih.  Improper Dih.      CMAP Dih.
    1.39992e+04    2.57060e+04    2.83752e+04    1.46821e+03   -5.38368e+02
          LJ-14     Coulomb-14        LJ (SR)   Coulomb (SR)   Coul. recip.
    9.37277e+03    1.19738e+05    7.20204e+04   -1.15992e+06    4.15197e+03
 Position Rest.      Potential    Kinetic En.   Total Energy  Conserved En.
    3.40358e+03   -8.82225e+05    1.89277e+05   -6.92948e+05   -8.50421e+05
    Temperature Pressure (bar)   Constr. rmsd
    3.00033e+02   -6.57760e+02    2.77134e-06

           Step           Time
          49000       98.00000

   Energies (kJ/mol)
           Bond            U-B    Proper Dih.  Improper Dih.      CMAP Dih.
    1.36512e+04    2.51857e+04    2.83388e+04    1.49367e+03   -5.95860e+02
          LJ-14     Coulomb-14        LJ (SR)   Coulomb (SR)   Coul. recip.
    9.75417e+03    1.19478e+05    7.10695e+04   -1.15810e+06    4.09813e+03
 Position Rest.      Potential    Kinetic En.   Total Energy  Conserved En.
    3.31685e+03   -8.82311e+05    1.89796e+05   -6.92515e+05   -8.50463e+05
    Temperature Pressure (bar)   Constr. rmsd
    3.00855e+02   -8.91729e+02    2.90480e-06

           Step           Time
          49500       99.00000

   Energies (kJ/mol)
           Bond            U-B    Proper Dih.  Improper Dih.      CMAP Dih.
    1.41185e+04    2.57098e+04    2.84752e+04    1.46247e+03   -6.55272e+02
          LJ-14     Coulomb-14        LJ (SR)   Coulomb (SR)   Coul. recip.
    9.45238e+03    1.19782e+05    7.37408e+04   -1.15951e+06    4.19358e+03
 Position Rest.      Potential    Kinetic En.   Total Energy  Conserved En.
    3.29521e+03   -8.79935e+05    1.88351e+05   -6.91584e+05   -8.50390e+05
    Temperature Pressure (bar)   Constr. rmsd
    2.98565e+02   -6.71766e+02    2.88797e-06

           Step           Time
          50000      100.00000

Writing checkpoint, step 50000 at Fri Jan 12 13:39:57 2024


   Energies (kJ/mol)
           Bond            U-B    Proper Dih.  Improper Dih.      CMAP Dih.
    1.37551e+04    2.53538e+04    2.82442e+04    1.53994e+03   -5.81570e+02
          LJ-14     Coulomb-14        LJ (SR)   Coulomb (SR)   Coul. recip.
    9.60876e+03    1.19700e+05    7.33034e+04   -1.16097e+06    4.08741e+03
 Position Rest.      Potential    Kinetic En.   Total Energy  Conserved En.
    3.28577e+03   -8.82673e+05    1.90718e+05   -6.91955e+05   -8.50446e+05
    Temperature Pressure (bar)   Constr. rmsd
    3.02317e+02   -6.49246e+02    2.99715e-06


Energy conservation over simulation part #1 of length 100 ns, time 0 to 100 ns
  Conserved energy drift: 3.95e-04 kJ/mol/ps per atom


	<======  ###############  ==>
	<====  A V E R A G E S  ====>
	<==  ###############  ======>

	Statistics over 50001 steps using 501 frames

   Energies (kJ/mol)
           Bond            U-B    Proper Dih.  Improper Dih.      CMAP Dih.
    1.38464e+04    2.53146e+04    2.83648e+04    1.49834e+03   -5.78908e+02
          LJ-14     Coulomb-14        LJ (SR)   Coulomb (SR)   Coul. recip.
    9.50879e+03    1.19767e+05    7.30503e+04   -1.15966e+06    4.14840e+03
 Position Rest.      Potential    Kinetic En.   Total Energy  Conserved En.
    3.26144e+03   -8.81483e+05    1.89140e+05   -6.92343e+05   -8.50709e+05
    Temperature Pressure (bar)   Constr. rmsd
    2.99815e+02   -6.97916e+02    0.00000e+00

   Total Virial (kJ/mol)
    7.86002e+04    6.35060e+02    7.66669e+02
    6.34605e+02    7.85628e+04    9.78109e+02
    7.66516e+02    9.78205e+02    7.87449e+04

   Pressure (bar)
   -6.96179e+02   -2.68449e+01   -3.08784e+01
   -2.68245e+01   -6.92361e+02   -4.23049e+01
   -3.08715e+01   -4.23092e+01   -7.05209e+02

  T-Protein_UNKT-Water_and_ions
    2.99954e+02    2.99786e+02


	M E G A - F L O P S   A C C O U N T I N G

 NB=Group-cutoff nonbonded kernels    NxN=N-by-N cluster Verlet kernels
 RF=Reaction-Field  VdW=Van der Waals  QSTab=quadratic-spline table
 W3=SPC/TIP3p  W4=TIP4p (single or pairs)
 V&F=Potential and force  V=Potential only  F=Force only

 Computing:                               M-Number         M-Flops  % Flops
-----------------------------------------------------------------------------
 Pair Search distance check           25494.700820      229452.307     0.1
 NxN Ewald Elec. + LJ [F]           3130564.235104   244184010.338    95.4
 NxN Ewald Elec. + LJ [V&F]           31685.169808     4087386.905     1.6
 NxN Ewald Elec. [F]                  20405.855648     1244757.195     0.5
 NxN Ewald Elec. [V&F]                  206.378896       17335.827     0.0
 1,4 nonbonded interactions            1367.627352      123086.462     0.0
 Calc Weights                         10986.819732      395525.510     0.2
 Spread Q Bspline                    234385.487616      468770.975     0.2
 Gather F Bspline                    234385.487616     1406312.926     0.5
 3D-FFT                              351590.131662     2812721.053     1.1
 Solve PME                              156.003120        9984.200     0.0
 Shift-X                                 45.850744         275.104     0.0
 Bonds                                  270.605412       15965.719     0.0
 Propers                               1346.026920      308240.165     0.1
 Impropers                               83.401668       17347.547     0.0
 Pos. Restr.                            262.855257       13142.763     0.0
 Virial                                  36.717789         660.920     0.0
 Stop-CM                                 36.768488         367.685     0.0
 Calc-Ekin                              732.586488       19779.835     0.0
 Lincs                                  254.865291       15291.917     0.0
 Lincs-Mat                             1281.076860        5124.307     0.0
 Constraint-V                          3653.996154       32885.965     0.0
 Constraint-Vir                          34.057980         817.392     0.0
 Settle                                1048.112883      387801.767     0.2
 CMAP                                    32.700654       55591.112     0.0
 Urey-Bradley                           948.068961      173496.620     0.1
-----------------------------------------------------------------------------
 Total                                               256026132.517   100.0
-----------------------------------------------------------------------------


     R E A L   C Y C L E   A N D   T I M E   A C C O U N T I N G

On 1 MPI rank, each using 4 OpenMP threads

 Computing:          Num   Num      Call    Wall time         Giga-Cycles
                     Ranks Threads  Count      (s)         total sum    %
-----------------------------------------------------------------------------
 Neighbor search        1    4        626      33.514        376.425   1.2
 Force                  1    4      50001    2555.980      28708.403  87.9
 PME mesh               1    4      50001     260.506       2925.965   9.0
 NB X/F buffer ops.     1    4      99376      21.235        238.507   0.7
 Write traj.            1    4        104       0.762          8.555   0.0
 Update                 1    4      50001      13.714        154.033   0.5
 Constraints            1    4      50003      18.520        208.009   0.6
 Rest                                           3.498         39.287   0.1
-----------------------------------------------------------------------------
 Total                                       2907.728      32659.184 100.0
-----------------------------------------------------------------------------
 Breakdown of PME mesh computation
-----------------------------------------------------------------------------
 PME spread             1    4      50001     109.480       1229.663   3.8
 PME gather             1    4      50001      83.026        932.539   2.9
 PME 3D-FFT             1    4     100002      61.293        688.429   2.1
 PME solve Elec         1    4      50001       6.357         71.403   0.2
-----------------------------------------------------------------------------

               Core t (s)   Wall t (s)        (%)
       Time:    11630.910     2907.728      400.0
                         48:27
                 (ns/day)    (hour/ns)
Performance:        2.971        8.077
Finished mdrun on rank 0 Fri Jan 12 13:39:57 2024

